Release 14.7 - xst P.20131013 (nt64)
Copyright (c) 1995-2013 Xilinx, Inc.  All rights reserved.
--> Parameter TMPDIR set to xst/projnav.tmp


Total REAL time to Xst completion: 0.00 secs
Total CPU time to Xst completion: 0.30 secs
 
--> Parameter xsthdpdir set to xst


Total REAL time to Xst completion: 0.00 secs
Total CPU time to Xst completion: 0.31 secs
 
--> Reading design: ALU_32.prj

TABLE OF CONTENTS
  1) Synthesis Options Summary
  2) HDL Parsing
  3) HDL Elaboration
  4) HDL Synthesis
       4.1) HDL Synthesis Report
  5) Advanced HDL Synthesis
       5.1) Advanced HDL Synthesis Report
  6) Low Level Synthesis
  7) Partition Report
  8) Design Summary
       8.1) Primitive and Black Box Usage
       8.2) Device utilization summary
       8.3) Partition Resource Summary
       8.4) Timing Report
            8.4.1) Clock Information
            8.4.2) Asynchronous Control Signals Information
            8.4.3) Timing Summary
            8.4.4) Timing Details
            8.4.5) Cross Clock Domains Report


=========================================================================
*                      Synthesis Options Summary                        *
=========================================================================
---- Source Parameters
Input File Name                    : "ALU_32.prj"
Ignore Synthesis Constraint File   : NO

---- Target Parameters
Output File Name                   : "ALU_32"
Output Format                      : NGC
Target Device                      : xc7a100t-3-csg324

---- Source Options
Top Module Name                    : ALU_32
Automatic FSM Extraction           : YES
FSM Encoding Algorithm             : Auto
Safe Implementation                : No
FSM Style                          : LUT
RAM Extraction                     : Yes
RAM Style                          : Auto
ROM Extraction                     : Yes
Shift Register Extraction          : YES
ROM Style                          : Auto
Resource Sharing                   : YES
Asynchronous To Synchronous        : NO
Shift Register Minimum Size        : 2
Use DSP Block                      : Auto
Automatic Register Balancing       : No

---- Target Options
LUT Combining                      : Auto
Reduce Control Sets                : Auto
Add IO Buffers                     : YES
Global Maximum Fanout              : 100000
Add Generic Clock Buffer(BUFG)     : 32
Register Duplication               : YES
Optimize Instantiated Primitives   : NO
Use Clock Enable                   : Auto
Use Synchronous Set                : Auto
Use Synchronous Reset              : Auto
Pack IO Registers into IOBs        : Auto
Equivalent register Removal        : YES

---- General Options
Optimization Goal                  : Speed
Optimization Effort                : 1
Power Reduction                    : NO
Keep Hierarchy                     : No
Netlist Hierarchy                  : As_Optimized
RTL Output                         : Yes
Global Optimization                : AllClockNets
Read Cores                         : YES
Write Timing Constraints           : NO
Cross Clock Analysis               : NO
Hierarchy Separator                : /
Bus Delimiter                      : <>
Case Specifier                     : Maintain
Slice Utilization Ratio            : 100
BRAM Utilization Ratio             : 100
DSP48 Utilization Ratio            : 100
Auto BRAM Packing                  : NO
Slice Utilization Ratio Delta      : 5

=========================================================================


=========================================================================
*                          HDL Parsing                                  *
=========================================================================
Parsing VHDL file "E:\Project\COA\ALU_32\ALU_32.vhd" into library work
Parsing entity <ALU_32>.
Parsing architecture <Behavioral> of entity <alu_32>.

=========================================================================
*                            HDL Elaboration                            *
=========================================================================

Elaborating entity <ALU_32> (architecture <Behavioral>) from library <work>.
WARNING:HDLCompiler:92 - "E:\Project\COA\ALU_32\ALU_32.vhd" Line 48: a_in should be on the sensitivity list of the process
WARNING:HDLCompiler:92 - "E:\Project\COA\ALU_32\ALU_32.vhd" Line 49: a_in should be on the sensitivity list of the process
WARNING:HDLCompiler:92 - "E:\Project\COA\ALU_32\ALU_32.vhd" Line 50: a_in should be on the sensitivity list of the process
WARNING:HDLCompiler:92 - "E:\Project\COA\ALU_32\ALU_32.vhd" Line 51: a_in should be on the sensitivity list of the process
WARNING:HDLCompiler:92 - "E:\Project\COA\ALU_32\ALU_32.vhd" Line 53: a_in should be on the sensitivity list of the process
WARNING:HDLCompiler:92 - "E:\Project\COA\ALU_32\ALU_32.vhd" Line 58: a_in should be on the sensitivity list of the process

=========================================================================
*                           HDL Synthesis                               *
=========================================================================

Synthesizing Unit <ALU_32>.
    Related source file is "E:\Project\COA\ALU_32\ALU_32.vhd".
    Found 32-bit adder for signal <a_in[31]_b_in[31]_add_5_OUT> created at line 50.
    Found 32-bit subtractor for signal <a_in[31]_b_in[31]_sub_7_OUT<31:0>> created at line 51.
WARNING:Xst:737 - Found 1-bit latch for signal <temp<30>>. Latches may be generated from incomplete case or if statements. We do not recommend the use of latches in FPGA/CPLD designs, as they may lead to timing problems.
WARNING:Xst:737 - Found 1-bit latch for signal <temp<29>>. Latches may be generated from incomplete case or if statements. We do not recommend the use of latches in FPGA/CPLD designs, as they may lead to timing problems.
WARNING:Xst:737 - Found 1-bit latch for signal <temp<28>>. Latches may be generated from incomplete case or if statements. We do not recommend the use of latches in FPGA/CPLD designs, as they may lead to timing problems.
WARNING:Xst:737 - Found 1-bit latch for signal <temp<27>>. Latches may be generated from incomplete case or if statements. We do not recommend the use of latches in FPGA/CPLD designs, as they may lead to timing problems.
WARNING:Xst:737 - Found 1-bit latch for signal <temp<26>>. Latches may be generated from incomplete case or if statements. We do not recommend the use of latches in FPGA/CPLD designs, as they may lead to timing problems.
WARNING:Xst:737 - Found 1-bit latch for signal <temp<25>>. Latches may be generated from incomplete case or if statements. We do not recommend the use of latches in FPGA/CPLD designs, as they may lead to timing problems.
WARNING:Xst:737 - Found 1-bit latch for signal <temp<24>>. Latches may be generated from incomplete case or if statements. We do not recommend the use of latches in FPGA/CPLD designs, as they may lead to timing problems.
WARNING:Xst:737 - Found 1-bit latch for signal <temp<23>>. Latches may be generated from incomplete case or if statements. We do not recommend the use of latches in FPGA/CPLD designs, as they may lead to timing problems.
WARNING:Xst:737 - Found 1-bit latch for signal <temp<22>>. Latches may be generated from incomplete case or if statements. We do not recommend the use of latches in FPGA/CPLD designs, as they may lead to timing problems.
WARNING:Xst:737 - Found 1-bit latch for signal <temp<21>>. Latches may be generated from incomplete case or if statements. We do not recommend the use of latches in FPGA/CPLD designs, as they may lead to timing problems.
WARNING:Xst:737 - Found 1-bit latch for signal <temp<20>>. Latches may be generated from incomplete case or if statements. We do not recommend the use of latches in FPGA/CPLD designs, as they may lead to timing problems.
WARNING:Xst:737 - Found 1-bit latch for signal <temp<19>>. Latches may be generated from incomplete case or if statements. We do not recommend the use of latches in FPGA/CPLD designs, as they may lead to timing problems.
WARNING:Xst:737 - Found 1-bit latch for signal <temp<18>>. Latches may be generated from incomplete case or if statements. We do not recommend the use of latches in FPGA/CPLD designs, as they may lead to timing problems.
WARNING:Xst:737 - Found 1-bit latch for signal <temp<17>>. Latches may be generated from incomplete case or if statements. We do not recommend the use of latches in FPGA/CPLD designs, as they may lead to timing problems.
WARNING:Xst:737 - Found 1-bit latch for signal <temp<16>>. Latches may be generated from incomplete case or if statements. We do not recommend the use of latches in FPGA/CPLD designs, as they may lead to timing problems.
WARNING:Xst:737 - Found 1-bit latch for signal <temp<15>>. Latches may be generated from incomplete case or if statements. We do not recommend the use of latches in FPGA/CPLD designs, as they may lead to timing problems.
WARNING:Xst:737 - Found 1-bit latch for signal <temp<14>>. Latches may be generated from incomplete case or if statements. We do not recommend the use of latches in FPGA/CPLD designs, as they may lead to timing problems.
WARNING:Xst:737 - Found 1-bit latch for signal <temp<13>>. Latches may be generated from incomplete case or if statements. We do not recommend the use of latches in FPGA/CPLD designs, as they may lead to timing problems.
WARNING:Xst:737 - Found 1-bit latch for signal <temp<12>>. Latches may be generated from incomplete case or if statements. We do not recommend the use of latches in FPGA/CPLD designs, as they may lead to timing problems.
WARNING:Xst:737 - Found 1-bit latch for signal <temp<11>>. Latches may be generated from incomplete case or if statements. We do not recommend the use of latches in FPGA/CPLD designs, as they may lead to timing problems.
WARNING:Xst:737 - Found 1-bit latch for signal <temp<10>>. Latches may be generated from incomplete case or if statements. We do not recommend the use of latches in FPGA/CPLD designs, as they may lead to timing problems.
WARNING:Xst:737 - Found 1-bit latch for signal <temp<9>>. Latches may be generated from incomplete case or if statements. We do not recommend the use of latches in FPGA/CPLD designs, as they may lead to timing problems.
WARNING:Xst:737 - Found 1-bit latch for signal <temp<8>>. Latches may be generated from incomplete case or if statements. We do not recommend the use of latches in FPGA/CPLD designs, as they may lead to timing problems.
WARNING:Xst:737 - Found 1-bit latch for signal <temp<7>>. Latches may be generated from incomplete case or if statements. We do not recommend the use of latches in FPGA/CPLD designs, as they may lead to timing problems.
WARNING:Xst:737 - Found 1-bit latch for signal <temp<6>>. Latches may be generated from incomplete case or if statements. We do not recommend the use of latches in FPGA/CPLD designs, as they may lead to timing problems.
WARNING:Xst:737 - Found 1-bit latch for signal <temp<5>>. Latches may be generated from incomplete case or if statements. We do not recommend the use of latches in FPGA/CPLD designs, as they may lead to timing problems.
WARNING:Xst:737 - Found 1-bit latch for signal <temp<4>>. Latches may be generated from incomplete case or if statements. We do not recommend the use of latches in FPGA/CPLD designs, as they may lead to timing problems.
WARNING:Xst:737 - Found 1-bit latch for signal <temp<3>>. Latches may be generated from incomplete case or if statements. We do not recommend the use of latches in FPGA/CPLD designs, as they may lead to timing problems.
WARNING:Xst:737 - Found 1-bit latch for signal <temp<2>>. Latches may be generated from incomplete case or if statements. We do not recommend the use of latches in FPGA/CPLD designs, as they may lead to timing problems.
WARNING:Xst:737 - Found 1-bit latch for signal <temp<1>>. Latches may be generated from incomplete case or if statements. We do not recommend the use of latches in FPGA/CPLD designs, as they may lead to timing problems.
WARNING:Xst:737 - Found 1-bit latch for signal <temp<0>>. Latches may be generated from incomplete case or if statements. We do not recommend the use of latches in FPGA/CPLD designs, as they may lead to timing problems.
WARNING:Xst:737 - Found 1-bit latch for signal <temp<31>>. Latches may be generated from incomplete case or if statements. We do not recommend the use of latches in FPGA/CPLD designs, as they may lead to timing problems.
    Found 32-bit comparator greater for signal <b_in[31]_a_in[31]_LessThan_8_o> created at line 53
    Summary:
	inferred   2 Adder/Subtractor(s).
	inferred  32 Latch(s).
	inferred   1 Comparator(s).
	inferred 234 Multiplexer(s).
Unit <ALU_32> synthesized.

=========================================================================
HDL Synthesis Report

Macro Statistics
# Adders/Subtractors                                   : 2
 32-bit adder                                          : 1
 32-bit subtractor                                     : 1
# Latches                                              : 32
 1-bit latch                                           : 32
# Comparators                                          : 1
 32-bit comparator greater                             : 1
# Multiplexers                                         : 234
 1-bit 2-to-1 multiplexer                              : 224
 32-bit 2-to-1 multiplexer                             : 10

=========================================================================

=========================================================================
*                       Advanced HDL Synthesis                          *
=========================================================================


=========================================================================
Advanced HDL Synthesis Report

Macro Statistics
# Adders/Subtractors                                   : 2
 32-bit adder                                          : 1
 32-bit subtractor                                     : 1
# Comparators                                          : 1
 32-bit comparator greater                             : 1
# Multiplexers                                         : 234
 1-bit 2-to-1 multiplexer                              : 224
 32-bit 2-to-1 multiplexer                             : 10

=========================================================================

=========================================================================
*                         Low Level Synthesis                           *
=========================================================================

Optimizing unit <ALU_32> ...

Mapping all equations...
Building and optimizing final netlist ...
Found area constraint ratio of 100 (+ 5) on block ALU_32, actual ratio is 0.

Final Macro Processing ...

=========================================================================
Final Register Report

Found no macro
=========================================================================

=========================================================================
*                           Partition Report                            *
=========================================================================

Partition Implementation Status
-------------------------------

  No Partitions were found in this design.

-------------------------------

=========================================================================
*                            Design Summary                             *
=========================================================================

Top Level Output File Name         : ALU_32.ngc

Primitive and Black Box Usage:
------------------------------
# BELS                             : 476
#      GND                         : 1
#      LUT2                        : 66
#      LUT3                        : 18
#      LUT4                        : 45
#      LUT5                        : 105
#      LUT6                        : 97
#      MUXCY                       : 77
#      MUXF7                       : 2
#      VCC                         : 1
#      XORCY                       : 64
# FlipFlops/Latches                : 32
#      LD                          : 32
# Clock Buffers                    : 1
#      BUFG                        : 1
# IO Buffers                       : 101
#      IBUF                        : 68
#      OBUF                        : 33

Device utilization summary:
---------------------------

Selected Device : 7a100tcsg324-3 


Slice Logic Utilization: 
 Number of Slice Registers:              32  out of  126800     0%  
 Number of Slice LUTs:                  331  out of  63400     0%  
    Number used as Logic:               331  out of  63400     0%  

Slice Logic Distribution: 
 Number of LUT Flip Flop pairs used:    331
   Number with an unused Flip Flop:     299  out of    331    90%  
   Number with an unused LUT:             0  out of    331     0%  
   Number of fully used LUT-FF pairs:    32  out of    331     9%  
   Number of unique control sets:         1

IO Utilization: 
 Number of IOs:                         101
 Number of bonded IOBs:                 101  out of    210    48%  

Specific Feature Utilization:
 Number of BUFG/BUFGCTRLs:                1  out of     32     3%  

---------------------------
Partition Resource Summary:
---------------------------

  No Partitions were found in this design.

---------------------------


=========================================================================
Timing Report

NOTE: THESE TIMING NUMBERS ARE ONLY A SYNTHESIS ESTIMATE.
      FOR ACCURATE TIMING INFORMATION PLEASE REFER TO THE TRACE REPORT
      GENERATED AFTER PLACE-and-ROUTE.

Clock Information:
------------------
---------------------------------------------------------------+------------------------+-------+
Clock Signal                                                   | Clock buffer(FF name)  | Load  |
---------------------------------------------------------------+------------------------+-------+
operation[3]_GND_6_o_Mux_15_o(operation[3]_GND_6_o_Mux_15_o1:O)| BUFG(*)(temp_29)       | 32    |
---------------------------------------------------------------+------------------------+-------+
(*) This 1 clock signal(s) are generated by combinatorial logic,
and XST is not able to identify which are the primary clock signals.
Please use the CLOCK_SIGNAL constraint to specify the clock signal(s) generated by combinatorial logic.

Asynchronous Control Signals Information:
----------------------------------------
No asynchronous control signals found in this design

Timing Summary:
---------------
Speed Grade: -3

   Minimum period: No path found
   Minimum input arrival time before clock: 3.288ns
   Maximum output required time after clock: 5.079ns
   Maximum combinational path delay: 5.759ns

Timing Details:
---------------
All values displayed in nanoseconds (ns)

=========================================================================
Timing constraint: Default OFFSET IN BEFORE for Clock 'operation[3]_GND_6_o_Mux_15_o'
  Total number of paths / destination ports: 7402 / 32
-------------------------------------------------------------------------
Offset:              3.288ns (Levels of Logic = 35)
  Source:            a<0> (PAD)
  Destination:       temp_30 (LATCH)
  Destination Clock: operation[3]_GND_6_o_Mux_15_o falling

  Data Path: a<0> to temp_30
                                Gate     Net
    Cell:in->out      fanout   Delay   Delay  Logical Name (Net Name)
    ----------------------------------------  ------------
     IBUF:I->O             7   0.001   0.407  a_0_IBUF (a_0_IBUF)
     LUT2:I0->O            1   0.097   0.000  Msub_a_in[31]_b_in[31]_sub_7_OUT<31:0>_lut<0> (Msub_a_in[31]_b_in[31]_sub_7_OUT<31:0>_lut<0>)
     MUXCY:S->O            1   0.353   0.000  Msub_a_in[31]_b_in[31]_sub_7_OUT<31:0>_cy<0> (Msub_a_in[31]_b_in[31]_sub_7_OUT<31:0>_cy<0>)
     MUXCY:CI->O           1   0.023   0.000  Msub_a_in[31]_b_in[31]_sub_7_OUT<31:0>_cy<1> (Msub_a_in[31]_b_in[31]_sub_7_OUT<31:0>_cy<1>)
     MUXCY:CI->O           1   0.023   0.000  Msub_a_in[31]_b_in[31]_sub_7_OUT<31:0>_cy<2> (Msub_a_in[31]_b_in[31]_sub_7_OUT<31:0>_cy<2>)
     MUXCY:CI->O           1   0.023   0.000  Msub_a_in[31]_b_in[31]_sub_7_OUT<31:0>_cy<3> (Msub_a_in[31]_b_in[31]_sub_7_OUT<31:0>_cy<3>)
     MUXCY:CI->O           1   0.023   0.000  Msub_a_in[31]_b_in[31]_sub_7_OUT<31:0>_cy<4> (Msub_a_in[31]_b_in[31]_sub_7_OUT<31:0>_cy<4>)
     MUXCY:CI->O           1   0.023   0.000  Msub_a_in[31]_b_in[31]_sub_7_OUT<31:0>_cy<5> (Msub_a_in[31]_b_in[31]_sub_7_OUT<31:0>_cy<5>)
     MUXCY:CI->O           1   0.023   0.000  Msub_a_in[31]_b_in[31]_sub_7_OUT<31:0>_cy<6> (Msub_a_in[31]_b_in[31]_sub_7_OUT<31:0>_cy<6>)
     MUXCY:CI->O           1   0.023   0.000  Msub_a_in[31]_b_in[31]_sub_7_OUT<31:0>_cy<7> (Msub_a_in[31]_b_in[31]_sub_7_OUT<31:0>_cy<7>)
     MUXCY:CI->O           1   0.023   0.000  Msub_a_in[31]_b_in[31]_sub_7_OUT<31:0>_cy<8> (Msub_a_in[31]_b_in[31]_sub_7_OUT<31:0>_cy<8>)
     MUXCY:CI->O           1   0.023   0.000  Msub_a_in[31]_b_in[31]_sub_7_OUT<31:0>_cy<9> (Msub_a_in[31]_b_in[31]_sub_7_OUT<31:0>_cy<9>)
     MUXCY:CI->O           1   0.023   0.000  Msub_a_in[31]_b_in[31]_sub_7_OUT<31:0>_cy<10> (Msub_a_in[31]_b_in[31]_sub_7_OUT<31:0>_cy<10>)
     MUXCY:CI->O           1   0.023   0.000  Msub_a_in[31]_b_in[31]_sub_7_OUT<31:0>_cy<11> (Msub_a_in[31]_b_in[31]_sub_7_OUT<31:0>_cy<11>)
     MUXCY:CI->O           1   0.023   0.000  Msub_a_in[31]_b_in[31]_sub_7_OUT<31:0>_cy<12> (Msub_a_in[31]_b_in[31]_sub_7_OUT<31:0>_cy<12>)
     MUXCY:CI->O           1   0.023   0.000  Msub_a_in[31]_b_in[31]_sub_7_OUT<31:0>_cy<13> (Msub_a_in[31]_b_in[31]_sub_7_OUT<31:0>_cy<13>)
     MUXCY:CI->O           1   0.023   0.000  Msub_a_in[31]_b_in[31]_sub_7_OUT<31:0>_cy<14> (Msub_a_in[31]_b_in[31]_sub_7_OUT<31:0>_cy<14>)
     MUXCY:CI->O           1   0.023   0.000  Msub_a_in[31]_b_in[31]_sub_7_OUT<31:0>_cy<15> (Msub_a_in[31]_b_in[31]_sub_7_OUT<31:0>_cy<15>)
     MUXCY:CI->O           1   0.023   0.000  Msub_a_in[31]_b_in[31]_sub_7_OUT<31:0>_cy<16> (Msub_a_in[31]_b_in[31]_sub_7_OUT<31:0>_cy<16>)
     MUXCY:CI->O           1   0.023   0.000  Msub_a_in[31]_b_in[31]_sub_7_OUT<31:0>_cy<17> (Msub_a_in[31]_b_in[31]_sub_7_OUT<31:0>_cy<17>)
     MUXCY:CI->O           1   0.023   0.000  Msub_a_in[31]_b_in[31]_sub_7_OUT<31:0>_cy<18> (Msub_a_in[31]_b_in[31]_sub_7_OUT<31:0>_cy<18>)
     MUXCY:CI->O           1   0.023   0.000  Msub_a_in[31]_b_in[31]_sub_7_OUT<31:0>_cy<19> (Msub_a_in[31]_b_in[31]_sub_7_OUT<31:0>_cy<19>)
     MUXCY:CI->O           1   0.023   0.000  Msub_a_in[31]_b_in[31]_sub_7_OUT<31:0>_cy<20> (Msub_a_in[31]_b_in[31]_sub_7_OUT<31:0>_cy<20>)
     MUXCY:CI->O           1   0.023   0.000  Msub_a_in[31]_b_in[31]_sub_7_OUT<31:0>_cy<21> (Msub_a_in[31]_b_in[31]_sub_7_OUT<31:0>_cy<21>)
     MUXCY:CI->O           1   0.023   0.000  Msub_a_in[31]_b_in[31]_sub_7_OUT<31:0>_cy<22> (Msub_a_in[31]_b_in[31]_sub_7_OUT<31:0>_cy<22>)
     MUXCY:CI->O           1   0.023   0.000  Msub_a_in[31]_b_in[31]_sub_7_OUT<31:0>_cy<23> (Msub_a_in[31]_b_in[31]_sub_7_OUT<31:0>_cy<23>)
     MUXCY:CI->O           1   0.023   0.000  Msub_a_in[31]_b_in[31]_sub_7_OUT<31:0>_cy<24> (Msub_a_in[31]_b_in[31]_sub_7_OUT<31:0>_cy<24>)
     MUXCY:CI->O           1   0.023   0.000  Msub_a_in[31]_b_in[31]_sub_7_OUT<31:0>_cy<25> (Msub_a_in[31]_b_in[31]_sub_7_OUT<31:0>_cy<25>)
     MUXCY:CI->O           1   0.023   0.000  Msub_a_in[31]_b_in[31]_sub_7_OUT<31:0>_cy<26> (Msub_a_in[31]_b_in[31]_sub_7_OUT<31:0>_cy<26>)
     MUXCY:CI->O           1   0.023   0.000  Msub_a_in[31]_b_in[31]_sub_7_OUT<31:0>_cy<27> (Msub_a_in[31]_b_in[31]_sub_7_OUT<31:0>_cy<27>)
     MUXCY:CI->O           1   0.023   0.000  Msub_a_in[31]_b_in[31]_sub_7_OUT<31:0>_cy<28> (Msub_a_in[31]_b_in[31]_sub_7_OUT<31:0>_cy<28>)
     MUXCY:CI->O           1   0.023   0.000  Msub_a_in[31]_b_in[31]_sub_7_OUT<31:0>_cy<29> (Msub_a_in[31]_b_in[31]_sub_7_OUT<31:0>_cy<29>)
     XORCY:CI->O           2   0.370   0.515  Msub_a_in[31]_b_in[31]_sub_7_OUT<31:0>_xor<30> (a_in[31]_b_in[31]_sub_7_OUT<30>)
     LUT3:I0->O            1   0.097   0.683  Mmux_operation[3]_temp[30]_Mux_14_o22 (Mmux_operation[3]_temp[30]_Mux_14_o21)
     LUT6:I1->O            1   0.097   0.000  Mmux_operation[3]_temp[30]_Mux_14_o23 (operation[3]_temp[30]_Mux_14_o)
     LD:D                     -0.028          temp_30
    ----------------------------------------
    Total                      3.288ns (1.682ns logic, 1.606ns route)
                                       (51.2% logic, 48.8% route)

=========================================================================
Timing constraint: Default OFFSET OUT AFTER for Clock 'operation[3]_GND_6_o_Mux_15_o'
  Total number of paths / destination ports: 66 / 33
-------------------------------------------------------------------------
Offset:              5.079ns (Levels of Logic = 7)
  Source:            temp_1 (LATCH)
  Destination:       zero (PAD)
  Source Clock:      operation[3]_GND_6_o_Mux_15_o falling

  Data Path: temp_1 to zero
                                Gate     Net
    Cell:in->out      fanout   Delay   Delay  Logical Name (Net Name)
    ----------------------------------------  ------------
     LD:G->Q               1   0.472   0.683  temp_1 (temp_1)
     LUT5:I0->O            1   0.097   0.693  Mmux_result_out241 (Mmux_result_out24)
     LUT6:I0->O            1   0.097   0.693  Mmux_result_out244 (Mmux_result_out243)
     LUT6:I0->O            2   0.097   0.697  Mmux_result_out245 (result_1_OBUF)
     LUT6:I0->O            1   0.097   0.683  zero<31>1 (zero<31>)
     LUT6:I1->O            1   0.097   0.295  zero<31>8_SW0 (N4)
     LUT6:I5->O            1   0.097   0.279  zero<31>8 (zero_OBUF)
     OBUF:I->O                 0.000          zero_OBUF (zero)
    ----------------------------------------
    Total                      5.079ns (1.054ns logic, 4.025ns route)
                                       (20.8% logic, 79.2% route)

=========================================================================
Timing constraint: Default path analysis
  Total number of paths / destination ports: 15404 / 33
-------------------------------------------------------------------------
Delay:               5.759ns (Levels of Logic = 25)
  Source:            b<0> (PAD)
  Destination:       zero (PAD)

  Data Path: b<0> to zero
                                Gate     Net
    Cell:in->out      fanout   Delay   Delay  Logical Name (Net Name)
    ----------------------------------------  ------------
     IBUF:I->O             7   0.001   0.584  b_0_IBUF (b_0_IBUF)
     LUT4:I0->O            1   0.097   0.000  Mcompar_b_in[31]_a_in[31]_LessThan_8_o_lut<0> (Mcompar_b_in[31]_a_in[31]_LessThan_8_o_lut<0>)
     MUXCY:S->O            1   0.353   0.000  Mcompar_b_in[31]_a_in[31]_LessThan_8_o_cy<0> (Mcompar_b_in[31]_a_in[31]_LessThan_8_o_cy<0>)
     MUXCY:CI->O           1   0.023   0.000  Mcompar_b_in[31]_a_in[31]_LessThan_8_o_cy<1> (Mcompar_b_in[31]_a_in[31]_LessThan_8_o_cy<1>)
     MUXCY:CI->O           1   0.023   0.000  Mcompar_b_in[31]_a_in[31]_LessThan_8_o_cy<2> (Mcompar_b_in[31]_a_in[31]_LessThan_8_o_cy<2>)
     MUXCY:CI->O           1   0.023   0.000  Mcompar_b_in[31]_a_in[31]_LessThan_8_o_cy<3> (Mcompar_b_in[31]_a_in[31]_LessThan_8_o_cy<3>)
     MUXCY:CI->O           1   0.023   0.000  Mcompar_b_in[31]_a_in[31]_LessThan_8_o_cy<4> (Mcompar_b_in[31]_a_in[31]_LessThan_8_o_cy<4>)
     MUXCY:CI->O           1   0.023   0.000  Mcompar_b_in[31]_a_in[31]_LessThan_8_o_cy<5> (Mcompar_b_in[31]_a_in[31]_LessThan_8_o_cy<5>)
     MUXCY:CI->O           1   0.023   0.000  Mcompar_b_in[31]_a_in[31]_LessThan_8_o_cy<6> (Mcompar_b_in[31]_a_in[31]_LessThan_8_o_cy<6>)
     MUXCY:CI->O           1   0.023   0.000  Mcompar_b_in[31]_a_in[31]_LessThan_8_o_cy<7> (Mcompar_b_in[31]_a_in[31]_LessThan_8_o_cy<7>)
     MUXCY:CI->O           1   0.023   0.000  Mcompar_b_in[31]_a_in[31]_LessThan_8_o_cy<8> (Mcompar_b_in[31]_a_in[31]_LessThan_8_o_cy<8>)
     MUXCY:CI->O           1   0.023   0.000  Mcompar_b_in[31]_a_in[31]_LessThan_8_o_cy<9> (Mcompar_b_in[31]_a_in[31]_LessThan_8_o_cy<9>)
     MUXCY:CI->O           1   0.023   0.000  Mcompar_b_in[31]_a_in[31]_LessThan_8_o_cy<10> (Mcompar_b_in[31]_a_in[31]_LessThan_8_o_cy<10>)
     MUXCY:CI->O           1   0.023   0.000  Mcompar_b_in[31]_a_in[31]_LessThan_8_o_cy<11> (Mcompar_b_in[31]_a_in[31]_LessThan_8_o_cy<11>)
     MUXCY:CI->O           1   0.023   0.000  Mcompar_b_in[31]_a_in[31]_LessThan_8_o_cy<12> (Mcompar_b_in[31]_a_in[31]_LessThan_8_o_cy<12>)
     MUXCY:CI->O           1   0.023   0.000  Mcompar_b_in[31]_a_in[31]_LessThan_8_o_cy<13> (Mcompar_b_in[31]_a_in[31]_LessThan_8_o_cy<13>)
     MUXCY:CI->O           1   0.253   0.379  Mcompar_b_in[31]_a_in[31]_LessThan_8_o_cy<14> (Mcompar_b_in[31]_a_in[31]_LessThan_8_o_cy<14>)
     LUT5:I3->O           21   0.097   0.647  Mcompar_b_in[31]_a_in[31]_LessThan_8_o_cy<15> (Mcompar_b_in[31]_a_in[31]_LessThan_8_o_cy<15>)
     LUT5:I1->O           28   0.097   0.617  Mmux_result_out1041 (Mmux_result_out104)
     LUT6:I3->O            2   0.097   0.384  Mmux_result_out605 (result_7_OBUF)
     LUT2:I0->O            1   0.097   0.379  zero<31>4 (zero<31>3)
     LUT6:I4->O            1   0.097   0.511  zero<31>5 (zero<31>4)
     LUT6:I3->O            1   0.097   0.295  zero<31>8_SW0 (N4)
     LUT6:I5->O            1   0.097   0.279  zero<31>8 (zero_OBUF)
     OBUF:I->O                 0.000          zero_OBUF (zero)
    ----------------------------------------
    Total                      5.759ns (1.682ns logic, 4.077ns route)
                                       (29.2% logic, 70.8% route)

=========================================================================

Cross Clock Domains Report:
--------------------------

=========================================================================


Total REAL time to Xst completion: 34.00 secs
Total CPU time to Xst completion: 34.18 secs
 
--> 

Total memory usage is 440464 kilobytes

Number of errors   :    0 (   0 filtered)
Number of warnings :   38 (   0 filtered)
Number of infos    :    0 (   0 filtered)

